[ 2018-10-01T00:49:04+08:00 ] 127.0.0.1 /MKSYS/Public/syspkg/assets/css/bootstrap-responsive.css
INFO: [ app_init ] --START--
INFO: Run Behavior\BuildLiteBehavior [ RunTime:0.000014s ]
INFO: [ app_init ] --END-- [ RunTime:0.000525s ]
ERR: 无法加载模块:Public

[ 2018-10-01T01:00:39+08:00 ] 127.0.0.1 /MKSYS/Public/syspkg/assets/css/bootstrap-responsive.css
INFO: [ app_init ] --START--
INFO: Run Behavior\BuildLiteBehavior [ RunTime:0.000010s ]
INFO: [ app_init ] --END-- [ RunTime:0.000276s ]
ERR: 无法加载模块:Public

[ 2018-10-01T01:00:40+08:00 ] 127.0.0.1 /MKSYS/Public/syspkg/assets/css/bootstrap-responsive.css
INFO: [ app_init ] --START--
INFO: Run Behavior\BuildLiteBehavior [ RunTime:0.000010s ]
INFO: [ app_init ] --END-- [ RunTime:0.000322s ]
ERR: 无法加载模块:Public

[ 2018-10-01T01:06:36+08:00 ] 127.0.0.1 /MKSYS/Public/syspkg/assets/css/bootstrap-responsive.css
INFO: [ app_init ] --START--
INFO: Run Behavior\BuildLiteBehavior [ RunTime:0.000013s ]
INFO: [ app_init ] --END-- [ RunTime:0.000398s ]
ERR: 无法加载模块:Public

[ 2018-10-01T01:06:36+08:00 ] 127.0.0.1 /MKSYS/Public/syspkg/assets/css/bootstrap-responsive.css
INFO: [ app_init ] --START--
INFO: Run Behavior\BuildLiteBehavior [ RunTime:0.000023s ]
INFO: [ app_init ] --END-- [ RunTime:0.000379s ]
ERR: 无法加载模块:Public

[ 2018-10-01T01:08:27+08:00 ] 127.0.0.1 /MKSYS/Public/syspkg/assets/css/bootstrap-responsive.css
INFO: [ app_init ] --START--
INFO: Run Behavior\BuildLiteBehavior [ RunTime:0.000021s ]
INFO: [ app_init ] --END-- [ RunTime:0.000371s ]
ERR: 无法加载模块:Public

[ 2018-10-01T10:06:35+08:00 ] 127.0.0.1 /MKSYS/Public/syspkg/assets/css/bootstrap-responsive.css
INFO: [ app_init ] --START--
INFO: Run Behavior\BuildLiteBehavior [ RunTime:0.000011s ]
INFO: [ app_init ] --END-- [ RunTime:0.000216s ]
ERR: 无法加载模块:Public

